{
  "stats": {
    "suites": 1,
    "tests": 2,
    "passes": 2,
    "pending": 0,
    "failures": 0,
    "start": "2021-12-03T00:29:41.709Z",
    "end": "2021-12-03T00:29:43.972Z",
    "duration": 2263,
    "testsRegistered": 2,
    "passPercent": 100,
    "pendingPercent": 0,
    "other": 0,
    "hasOther": false,
    "skipped": 0,
    "hasSkipped": false
  },
  "results": [
    {
      "uuid": "7e0d7f16-5b31-41bf-a36e-32b5a6a7aa21",
      "title": "",
      "fullFile": "cypress/integration/listagem.spec.js",
      "file": "cypress/integration/listagem.spec.js",
      "beforeHooks": [],
      "afterHooks": [],
      "tests": [],
      "suites": [
        {
          "uuid": "f405f781-ab6c-4a0c-957b-7adc2b664dd9",
          "title": "Listagem",
          "fullFile": "",
          "file": "",
          "beforeHooks": [],
          "afterHooks": [],
          "tests": [
            {
              "title": "Quando não houver cadastro, então a listagem devem estar vazia",
              "fullTitle": "Listagem Quando não houver cadastro, então a listagem devem estar vazia",
              "timedOut": null,
              "duration": 98,
              "state": "passed",
              "speed": "fast",
              "pass": true,
              "fail": false,
              "pending": false,
              "context": null,
              "code": "cy.fixture('listagem-vazia').then(data => {\n  window.localStorage.setItem('data', JSON.stringify(data));\n  cy.get('table tbody tr').should('have.length', 0);\n});",
              "err": {},
              "uuid": "08c918e4-7cb3-43f1-92ba-7568450a03d9",
              "parentUUID": "f405f781-ab6c-4a0c-957b-7adc2b664dd9",
              "isHook": false,
              "skipped": false
            },
            {
              "title": "Quando houver um ou mais cadastro, então a listagem devem exibir cada registro",
              "fullTitle": "Listagem Quando houver um ou mais cadastro, então a listagem devem exibir cada registro",
              "timedOut": null,
              "duration": 747,
              "state": "passed",
              "speed": "fast",
              "pass": true,
              "fail": false,
              "pending": false,
              "context": null,
              "code": "cy.fixture('listagem-com-itens').then(data => {\n  window.localStorage.setItem('data', JSON.stringify(data));\n});\ncy.visit('https://form-agilizei.netlify.app/listagem.html');\ncy.get('table tbody tr').should('have.length', 1);",
              "err": {},
              "uuid": "50d8d2a7-92ef-43ad-9f41-dcb5327d6b3c",
              "parentUUID": "f405f781-ab6c-4a0c-957b-7adc2b664dd9",
              "isHook": false,
              "skipped": false
            }
          ],
          "suites": [],
          "passes": [
            "08c918e4-7cb3-43f1-92ba-7568450a03d9",
            "50d8d2a7-92ef-43ad-9f41-dcb5327d6b3c"
          ],
          "failures": [],
          "pending": [],
          "skipped": [],
          "duration": 845,
          "root": false,
          "rootEmpty": false,
          "_timeout": 2000
        }
      ],
      "passes": [],
      "failures": [],
      "pending": [],
      "skipped": [],
      "duration": 0,
      "root": true,
      "rootEmpty": true,
      "_timeout": 2000
    }
  ],
  "meta": {
    "mocha": {
      "version": "7.0.1"
    },
    "mochawesome": {
      "options": {
        "quiet": true,
        "reportFilename": "mochawesome",
        "saveHtml": false,
        "saveJson": true,
        "consoleReporter": "spec",
        "useInlineDiffs": false,
        "code": true
      },
      "version": "7.0.1"
    },
    "marge": {
      "options": {
        "id": "default",
        "reportDir": "mochawesome-report",
        "quiet": true,
        "overwrite": false,
        "html": false,
        "json": true
      },
      "version": "6.0.1"
    }
  }
}