{
  "stats": {
    "suites": 1,
    "tests": 2,
    "passes": 2,
    "pending": 0,
    "failures": 0,
    "start": "2021-12-03T00:21:35.650Z",
    "end": "2021-12-03T00:21:38.010Z",
    "duration": 2360,
    "testsRegistered": 2,
    "passPercent": 100,
    "pendingPercent": 0,
    "other": 0,
    "hasOther": false,
    "skipped": 0,
    "hasSkipped": false
  },
  "results": [
    {
      "uuid": "f7d5912b-cde2-4bc6-9f92-6c7b019b79d2",
      "title": "",
      "fullFile": "cypress/integration/listagem.spec.js",
      "file": "cypress/integration/listagem.spec.js",
      "beforeHooks": [],
      "afterHooks": [],
      "tests": [],
      "suites": [
        {
          "uuid": "63a8467c-f58b-4507-bd7d-512cb62cdc48",
          "title": "Listagem",
          "fullFile": "",
          "file": "",
          "beforeHooks": [],
          "afterHooks": [],
          "tests": [
            {
              "title": "Quando não houver cadastro, então a listagem devem estar vazia",
              "fullTitle": "Listagem Quando não houver cadastro, então a listagem devem estar vazia",
              "timedOut": null,
              "duration": 137,
              "state": "passed",
              "speed": "fast",
              "pass": true,
              "fail": false,
              "pending": false,
              "context": null,
              "code": "cy.fixture('listagem-vazia').then(data => {\n  window.localStorage.setItem('data', JSON.stringify(data));\n  cy.get('table tbody tr').should('have.length', 0);\n});",
              "err": {},
              "uuid": "b8ff825d-71f7-4788-aef3-5a240db0d552",
              "parentUUID": "63a8467c-f58b-4507-bd7d-512cb62cdc48",
              "isHook": false,
              "skipped": false
            },
            {
              "title": "Quando houver um ou mais cadastro, então a listagem devem exibir cada registro",
              "fullTitle": "Listagem Quando houver um ou mais cadastro, então a listagem devem exibir cada registro",
              "timedOut": null,
              "duration": 787,
              "state": "passed",
              "speed": "fast",
              "pass": true,
              "fail": false,
              "pending": false,
              "context": null,
              "code": "cy.fixture('listagem-com-itens').then(data => {\n  window.localStorage.setItem('data', JSON.stringify(data));\n});\ncy.visit('https://form-agilizei.netlify.app/listagem.html');\ncy.get('table tbody tr').should('have.length', 1);",
              "err": {},
              "uuid": "0b108678-957a-443a-9aac-6f435e21f60d",
              "parentUUID": "63a8467c-f58b-4507-bd7d-512cb62cdc48",
              "isHook": false,
              "skipped": false
            }
          ],
          "suites": [],
          "passes": [
            "b8ff825d-71f7-4788-aef3-5a240db0d552",
            "0b108678-957a-443a-9aac-6f435e21f60d"
          ],
          "failures": [],
          "pending": [],
          "skipped": [],
          "duration": 924,
          "root": false,
          "rootEmpty": false,
          "_timeout": 2000
        }
      ],
      "passes": [],
      "failures": [],
      "pending": [],
      "skipped": [],
      "duration": 0,
      "root": true,
      "rootEmpty": true,
      "_timeout": 2000
    }
  ],
  "meta": {
    "mocha": {
      "version": "7.0.1"
    },
    "mochawesome": {
      "options": {
        "quiet": true,
        "reportFilename": "mochawesome",
        "saveHtml": false,
        "saveJson": true,
        "consoleReporter": "spec",
        "useInlineDiffs": false,
        "code": true
      },
      "version": "7.0.1"
    },
    "marge": {
      "options": {
        "id": "default",
        "reportDir": "mochawesome-report",
        "quiet": true,
        "overwrite": false,
        "html": false,
        "json": true
      },
      "version": "6.0.1"
    }
  }
}