{
  "stats": {
    "suites": 1,
    "tests": 1,
    "passes": 1,
    "pending": 0,
    "failures": 0,
    "start": "2021-12-03T00:21:22.693Z",
    "end": "2021-12-03T00:21:30.420Z",
    "duration": 7727,
    "testsRegistered": 1,
    "passPercent": 100,
    "pendingPercent": 0,
    "other": 0,
    "hasOther": false,
    "skipped": 0,
    "hasSkipped": false
  },
  "results": [
    {
      "uuid": "369bdbe2-ab00-4bdd-9f98-10ee4a5e2d75",
      "title": "",
      "fullFile": "cypress/integration/cadastro.spec.js",
      "file": "cypress/integration/cadastro.spec.js",
      "beforeHooks": [],
      "afterHooks": [],
      "tests": [],
      "suites": [
        {
          "uuid": "34b5fe07-2d96-43fb-bb41-30c864025d0b",
          "title": "Cadastro",
          "fullFile": "",
          "file": "",
          "beforeHooks": [],
          "afterHooks": [],
          "tests": [
            {
              "title": "Quando eu informar os dados e finalizar, então o cadastro deve ser efetuado",
              "fullTitle": "Cadastro Quando eu informar os dados e finalizar, então o cadastro deve ser efetuado",
              "timedOut": null,
              "duration": 5629,
              "state": "passed",
              "speed": "medium",
              "pass": true,
              "fail": false,
              "pending": false,
              "context": null,
              "code": "cy.visit('https://form-agilizei.netlify.app/');\ncy.get('input[name=firstName').type(chance.first());\ncy.get('input[name=lastName').type(chance.last());\ncy.get('textarea[name=adress]').type(chance.address());\ncy.get('input[name=emailAdress]').type(chance.email());\ncy.get('input[value=n]').check();\ncy.get('input[type=checkbox]').check('Netflix');\ncy.get('input[type=checkbox]').check('Livros');\ncy.get('select#countries').select('Dinamarca', {\n  force: true\n}).should('have.value', 'Dinamarca');\ncy.get('select#years').select('2006', {\n  force: true\n}).should('have.value', '2006');\ncy.get('select#months ').select('Janeiro', {\n  force: true\n}).should('have.value', 'Janeiro');\ncy.get('select#days').select('10', {\n  force: true\n}).should('have.value', '10');\ncy.get('input#firstpassword').type('Aluno@21');\ncy.get('input#secondpassword').type('Aluno@21');\ncy.get('button#submitbtn').click(); //cy.url('https://form-agilizei.netlify.app/listagem.html')\n//.should('contain','listagem')",
              "err": {},
              "uuid": "33b114ef-ef05-40e5-b32e-498e504c2287",
              "parentUUID": "34b5fe07-2d96-43fb-bb41-30c864025d0b",
              "isHook": false,
              "skipped": false
            }
          ],
          "suites": [],
          "passes": [
            "33b114ef-ef05-40e5-b32e-498e504c2287"
          ],
          "failures": [],
          "pending": [],
          "skipped": [],
          "duration": 5629,
          "root": false,
          "rootEmpty": false,
          "_timeout": 2000
        }
      ],
      "passes": [],
      "failures": [],
      "pending": [],
      "skipped": [],
      "duration": 0,
      "root": true,
      "rootEmpty": true,
      "_timeout": 2000
    }
  ],
  "meta": {
    "mocha": {
      "version": "7.0.1"
    },
    "mochawesome": {
      "options": {
        "quiet": true,
        "reportFilename": "mochawesome",
        "saveHtml": false,
        "saveJson": true,
        "consoleReporter": "spec",
        "useInlineDiffs": false,
        "code": true
      },
      "version": "7.0.1"
    },
    "marge": {
      "options": {
        "id": "default",
        "reportDir": "mochawesome-report",
        "quiet": true,
        "overwrite": false,
        "html": false,
        "json": true
      },
      "version": "6.0.1"
    }
  }
}